2023-04-21 21:56:42,920 [Worker-1: Loading available Gradle versions] INFO  o.e.b.c.i.u.g.PublishedGradleVersions - Gradle version information cache is up-to-date. Trying to read.
2023-04-21 21:56:51,247 [Worker-5: Initializing Java Tooling] ERROR o.e.m.c.i.p.r.ProjectRegistryReader - Can't read workspace state
java.io.InvalidClassException: org.eclipse.m2e.core.internal.project.registry.VersionlessKey; local class incompatible: stream classdesc serialVersionUID = 0, local class serialVersionUID = 2125977578206347429
	at java.io.ObjectStreamClass.initNonProxy(ObjectStreamClass.java:699) ~[na:1.8.0_241]
	at java.io.ObjectInputStream.readNonProxyDesc(ObjectInputStream.java:1939) ~[na:1.8.0_241]
	at java.io.ObjectInputStream.readClassDesc(ObjectInputStream.java:1805) ~[na:1.8.0_241]
	at java.io.ObjectInputStream.readOrdinaryObject(ObjectInputStream.java:2096) ~[na:1.8.0_241]
	at java.io.ObjectInputStream.readObject0(ObjectInputStream.java:1624) ~[na:1.8.0_241]
	at java.io.ObjectInputStream.defaultReadFields(ObjectInputStream.java:2341) ~[na:1.8.0_241]
	at java.io.ObjectInputStream.readSerialData(ObjectInputStream.java:2265) ~[na:1.8.0_241]
	at java.io.ObjectInputStream.readOrdinaryObject(ObjectInputStream.java:2123) ~[na:1.8.0_241]
	at java.io.ObjectInputStream.readObject0(ObjectInputStream.java:1624) ~[na:1.8.0_241]
	at java.io.ObjectInputStream.readObject(ObjectInputStream.java:464) ~[na:1.8.0_241]
	at java.io.ObjectInputStream.readObject(ObjectInputStream.java:422) ~[na:1.8.0_241]
	at java.util.HashSet.readObject(HashSet.java:341) ~[na:1.8.0_241]
	at sun.reflect.NativeMethodAccessorImpl.invoke0(Native Method) ~[na:1.8.0_241]
	at sun.reflect.NativeMethodAccessorImpl.invoke(NativeMethodAccessorImpl.java:62) ~[na:1.8.0_241]
	at sun.reflect.DelegatingMethodAccessorImpl.invoke(DelegatingMethodAccessorImpl.java:43) ~[na:1.8.0_241]
	at java.lang.reflect.Method.invoke(Method.java:498) ~[na:1.8.0_241]
	at java.io.ObjectStreamClass.invokeReadObject(ObjectStreamClass.java:1170) ~[na:1.8.0_241]
	at java.io.ObjectInputStream.readSerialData(ObjectInputStream.java:2232) ~[na:1.8.0_241]
	at java.io.ObjectInputStream.readOrdinaryObject(ObjectInputStream.java:2123) ~[na:1.8.0_241]
	at java.io.ObjectInputStream.readObject0(ObjectInputStream.java:1624) ~[na:1.8.0_241]
	at java.io.ObjectInputStream.readObject(ObjectInputStream.java:464) ~[na:1.8.0_241]
	at java.io.ObjectInputStream.readObject(ObjectInputStream.java:422) ~[na:1.8.0_241]
	at java.util.HashMap.readObject(HashMap.java:1412) ~[na:1.8.0_241]
	at sun.reflect.NativeMethodAccessorImpl.invoke0(Native Method) ~[na:1.8.0_241]
	at sun.reflect.NativeMethodAccessorImpl.invoke(NativeMethodAccessorImpl.java:62) ~[na:1.8.0_241]
	at sun.reflect.DelegatingMethodAccessorImpl.invoke(DelegatingMethodAccessorImpl.java:43) ~[na:1.8.0_241]
	at java.lang.reflect.Method.invoke(Method.java:498) ~[na:1.8.0_241]
	at java.io.ObjectStreamClass.invokeReadObject(ObjectStreamClass.java:1170) ~[na:1.8.0_241]
	at java.io.ObjectInputStream.readSerialData(ObjectInputStream.java:2232) ~[na:1.8.0_241]
	at java.io.ObjectInputStream.readOrdinaryObject(ObjectInputStream.java:2123) ~[na:1.8.0_241]
	at java.io.ObjectInputStream.readObject0(ObjectInputStream.java:1624) ~[na:1.8.0_241]
	at java.io.ObjectInputStream.defaultReadFields(ObjectInputStream.java:2341) ~[na:1.8.0_241]
	at java.io.ObjectInputStream.readSerialData(ObjectInputStream.java:2265) ~[na:1.8.0_241]
	at java.io.ObjectInputStream.readOrdinaryObject(ObjectInputStream.java:2123) ~[na:1.8.0_241]
	at java.io.ObjectInputStream.readObject0(ObjectInputStream.java:1624) ~[na:1.8.0_241]
	at java.io.ObjectInputStream.readObject(ObjectInputStream.java:464) ~[na:1.8.0_241]
	at java.io.ObjectInputStream.readObject(ObjectInputStream.java:422) ~[na:1.8.0_241]
	at org.eclipse.m2e.core.internal.project.registry.ProjectRegistryReader.readWorkspaceState(ProjectRegistryReader.java:103) ~[org.eclipse.m2e.core_1.14.0.20191209-1925.jar:na]
	at org.eclipse.m2e.core.internal.project.registry.ProjectRegistryManager.<init>(ProjectRegistryManager.java:179) [org.eclipse.m2e.core_1.14.0.20191209-1925.jar:na]
	at org.eclipse.m2e.core.internal.MavenPluginActivator.start(MavenPluginActivator.java:239) [org.eclipse.m2e.core_1.14.0.20191209-1925.jar:na]
	at org.eclipse.osgi.internal.framework.BundleContextImpl$3.run(BundleContextImpl.java:842) [org.eclipse.osgi_3.15.100.v20191114-1701.jar:na]
	at org.eclipse.osgi.internal.framework.BundleContextImpl$3.run(BundleContextImpl.java:1) [org.eclipse.osgi_3.15.100.v20191114-1701.jar:na]
	at java.security.AccessController.doPrivileged(Native Method) [na:1.8.0_241]
	at org.eclipse.osgi.internal.framework.BundleContextImpl.startActivator(BundleContextImpl.java:834) [org.eclipse.osgi_3.15.100.v20191114-1701.jar:na]
	at org.eclipse.osgi.internal.framework.BundleContextImpl.start(BundleContextImpl.java:791) [org.eclipse.osgi_3.15.100.v20191114-1701.jar:na]
	at org.eclipse.osgi.internal.framework.EquinoxBundle.startWorker0(EquinoxBundle.java:1015) [org.eclipse.osgi_3.15.100.v20191114-1701.jar:na]
	at org.eclipse.osgi.internal.framework.EquinoxBundle$EquinoxModule.startWorker(EquinoxBundle.java:365) [org.eclipse.osgi_3.15.100.v20191114-1701.jar:na]
	at org.eclipse.osgi.container.Module.doStart(Module.java:603) [org.eclipse.osgi_3.15.100.v20191114-1701.jar:na]
	at org.eclipse.osgi.container.Module.start(Module.java:467) [org.eclipse.osgi_3.15.100.v20191114-1701.jar:na]
	at org.eclipse.osgi.framework.util.SecureAction.start(SecureAction.java:493) [org.eclipse.osgi_3.15.100.v20191114-1701.jar:na]
	at org.eclipse.osgi.internal.hooks.EclipseLazyStarter.postFindLocalClass(EclipseLazyStarter.java:117) [org.eclipse.osgi_3.15.100.v20191114-1701.jar:na]
	at org.eclipse.osgi.internal.loader.classpath.ClasspathManager.findLocalClass(ClasspathManager.java:571) [org.eclipse.osgi_3.15.100.v20191114-1701.jar:na]
	at org.eclipse.osgi.internal.loader.ModuleClassLoader.findLocalClass(ModuleClassLoader.java:346) [org.eclipse.osgi_3.15.100.v20191114-1701.jar:na]
	at org.eclipse.osgi.internal.loader.BundleLoader.findLocalClass(BundleLoader.java:398) [org.eclipse.osgi_3.15.100.v20191114-1701.jar:na]
	at org.eclipse.osgi.internal.loader.sources.SingleSourcePackage.loadClass(SingleSourcePackage.java:41) [org.eclipse.osgi_3.15.100.v20191114-1701.jar:na]
	at org.eclipse.osgi.internal.loader.BundleLoader.findClassInternal(BundleLoader.java:472) [org.eclipse.osgi_3.15.100.v20191114-1701.jar:na]
	at org.eclipse.osgi.internal.loader.BundleLoader.findClass(BundleLoader.java:425) [org.eclipse.osgi_3.15.100.v20191114-1701.jar:na]
	at org.eclipse.osgi.internal.loader.BundleLoader.findClass(BundleLoader.java:417) [org.eclipse.osgi_3.15.100.v20191114-1701.jar:na]
	at org.eclipse.osgi.internal.loader.ModuleClassLoader.loadClass(ModuleClassLoader.java:171) [org.eclipse.osgi_3.15.100.v20191114-1701.jar:na]
	at java.lang.ClassLoader.loadClass(ClassLoader.java:351) [na:1.8.0_241]
	at java.lang.Class.getDeclaredConstructors0(Native Method) [na:1.8.0_241]
	at java.lang.Class.privateGetDeclaredConstructors(Class.java:2671) [na:1.8.0_241]
	at java.lang.Class.getConstructor0(Class.java:3075) [na:1.8.0_241]
	at java.lang.Class.getConstructor(Class.java:1825) [na:1.8.0_241]
	at org.eclipse.osgi.internal.framework.BundleContextImpl.loadBundleActivator(BundleContextImpl.java:825) [org.eclipse.osgi_3.15.100.v20191114-1701.jar:na]
	at org.eclipse.osgi.internal.framework.BundleContextImpl.start(BundleContextImpl.java:778) [org.eclipse.osgi_3.15.100.v20191114-1701.jar:na]
	at org.eclipse.osgi.internal.framework.EquinoxBundle.startWorker0(EquinoxBundle.java:1015) [org.eclipse.osgi_3.15.100.v20191114-1701.jar:na]
	at org.eclipse.osgi.internal.framework.EquinoxBundle$EquinoxModule.startWorker(EquinoxBundle.java:365) [org.eclipse.osgi_3.15.100.v20191114-1701.jar:na]
	at org.eclipse.osgi.container.Module.doStart(Module.java:603) [org.eclipse.osgi_3.15.100.v20191114-1701.jar:na]
	at org.eclipse.osgi.container.Module.start(Module.java:467) [org.eclipse.osgi_3.15.100.v20191114-1701.jar:na]
	at org.eclipse.osgi.framework.util.SecureAction.start(SecureAction.java:493) [org.eclipse.osgi_3.15.100.v20191114-1701.jar:na]
	at org.eclipse.osgi.internal.hooks.EclipseLazyStarter.postFindLocalClass(EclipseLazyStarter.java:117) [org.eclipse.osgi_3.15.100.v20191114-1701.jar:na]
	at org.eclipse.osgi.internal.loader.classpath.ClasspathManager.findLocalClass(ClasspathManager.java:571) [org.eclipse.osgi_3.15.100.v20191114-1701.jar:na]
	at org.eclipse.osgi.internal.loader.ModuleClassLoader.findLocalClass(ModuleClassLoader.java:346) [org.eclipse.osgi_3.15.100.v20191114-1701.jar:na]
	at org.eclipse.osgi.internal.loader.BundleLoader.findLocalClass(BundleLoader.java:398) [org.eclipse.osgi_3.15.100.v20191114-1701.jar:na]
	at org.eclipse.osgi.internal.loader.BundleLoader.findClassInternal(BundleLoader.java:476) [org.eclipse.osgi_3.15.100.v20191114-1701.jar:na]
	at org.eclipse.osgi.internal.loader.BundleLoader.findClass(BundleLoader.java:425) [org.eclipse.osgi_3.15.100.v20191114-1701.jar:na]
	at org.eclipse.osgi.internal.loader.BundleLoader.findClass(BundleLoader.java:417) [org.eclipse.osgi_3.15.100.v20191114-1701.jar:na]
	at org.eclipse.osgi.internal.loader.ModuleClassLoader.loadClass(ModuleClassLoader.java:171) [org.eclipse.osgi_3.15.100.v20191114-1701.jar:na]
	at java.lang.ClassLoader.loadClass(ClassLoader.java:351) [na:1.8.0_241]
	at org.eclipse.osgi.internal.framework.EquinoxBundle.loadClass(EquinoxBundle.java:620) [org.eclipse.osgi_3.15.100.v20191114-1701.jar:na]
	at org.eclipse.core.internal.registry.osgi.RegistryStrategyOSGI.createExecutableExtension(RegistryStrategyOSGI.java:196) [org.eclipse.equinox.registry_3.8.600.v20191017-2055.jar:na]
	at org.eclipse.core.internal.registry.ExtensionRegistry.createExecutableExtension(ExtensionRegistry.java:929) [org.eclipse.equinox.registry_3.8.600.v20191017-2055.jar:na]
	at org.eclipse.core.internal.registry.ConfigurationElement.createExecutableExtension(ConfigurationElement.java:246) [org.eclipse.equinox.registry_3.8.600.v20191017-2055.jar:na]
	at org.eclipse.core.internal.registry.ConfigurationElementHandle.createExecutableExtension(ConfigurationElementHandle.java:63) [org.eclipse.equinox.registry_3.8.600.v20191017-2055.jar:na]
	at org.eclipse.jdt.core.JavaCore.computeClasspathContainerInitializer(JavaCore.java:3766) [org.eclipse.jdt.core_3.20.0.v20191203-2131.jar:na]
	at org.eclipse.jdt.core.JavaCore.getClasspathContainerInitializer(JavaCore.java:3742) [org.eclipse.jdt.core_3.20.0.v20191203-2131.jar:na]
	at org.eclipse.jdt.internal.core.JavaModelManager.initializeContainer(JavaModelManager.java:3176) [org.eclipse.jdt.core_3.20.0.v20191203-2131.jar:na]
	at org.eclipse.jdt.internal.core.JavaModelManager$10.run(JavaModelManager.java:3079) [org.eclipse.jdt.core_3.20.0.v20191203-2131.jar:na]
	at org.eclipse.core.internal.resources.Workspace.run(Workspace.java:2292) [org.eclipse.core.resources_3.13.600.v20191122-2104.jar:na]
	at org.eclipse.core.internal.resources.Workspace.run(Workspace.java:2317) [org.eclipse.core.resources_3.13.600.v20191122-2104.jar:na]
	at org.eclipse.jdt.internal.core.JavaModelManager.initializeAllContainers(JavaModelManager.java:3141) [org.eclipse.jdt.core_3.20.0.v20191203-2131.jar:na]
	at org.eclipse.jdt.internal.core.JavaModelManager.getClasspathContainer(JavaModelManager.java:2111) [org.eclipse.jdt.core_3.20.0.v20191203-2131.jar:na]
	at org.eclipse.jdt.core.JavaCore.initializeAfterLoad(JavaCore.java:4508) [org.eclipse.jdt.core_3.20.0.v20191203-2131.jar:na]
	at org.eclipse.jdt.internal.ui.InitializeAfterLoadJob$RealJob.run(InitializeAfterLoadJob.java:39) [org.eclipse.jdt.ui_3.20.0.v20191203-1301.jar:na]
	at org.eclipse.core.internal.jobs.Worker.run(Worker.java:63) [org.eclipse.core.jobs_3.10.600.v20191122-2104.jar:na]
2023-04-21 21:57:04,613 [Worker-8: Updating Maven Dependencies] INFO  o.e.m.c.i.l.LifecycleMappingFactory - Using org.eclipse.m2e.jdt.JarLifecycleMapping lifecycle mapping for MavenProject: ins:cmr:0.0.1-SNAPSHOT @ F:\java workspaces\spring work space\cmr\pom.xml.
2023-04-21 21:57:04,711 [Worker-8: Updating Maven Dependencies] INFO  o.e.m.c.i.l.LifecycleMappingFactory - Using org.eclipse.m2e.jdt.JarLifecycleMapping lifecycle mapping for MavenProject: ins:crm:0.0.1-SNAPSHOT @ F:\java workspaces\spring work space\crm\pom.xml.
2023-04-21 21:57:05,830 [Worker-8: Updating Maven Dependencies] WARN  o.e.m.c.i.embedder.EclipseLogger - The artifact mysql:mysql-connector-java:jar:8.0.31 has been relocated to com.mysql:mysql-connector-j:jar:8.0.31
2023-04-21 21:57:05,919 [Worker-8: Updating Maven Dependencies] INFO  o.e.m.c.i.l.LifecycleMappingFactory - Using org.eclipse.m2e.jdt.JarLifecycleMapping lifecycle mapping for MavenProject: hybeenate_maven:hybernate:0.0.1-SNAPSHOT @ F:\java workspaces\spring work space\hybernate\pom.xml.
2023-04-21 21:57:07,289 [Worker-8: Updating Maven Dependencies] INFO  o.e.m.c.i.l.LifecycleMappingFactory - Using org.eclipse.m2e.jdt.JarLifecycleMapping lifecycle mapping for MavenProject: hybernate1:hybernate1:0.0.1-SNAPSHOT @ F:\java workspaces\spring work space\hybernate1\pom.xml.
2023-04-21 21:57:07,293 [Worker-8: Updating Maven Dependencies] WARN  o.e.m.c.i.embedder.EclipseLogger - The artifact mysql:mysql-connector-java:jar:8.0.31 has been relocated to com.mysql:mysql-connector-j:jar:8.0.31
2023-04-21 21:57:07,398 [Worker-8: Updating Maven Dependencies] INFO  o.e.m.c.i.l.LifecycleMappingFactory - Using org.eclipse.m2e.jdt.JarLifecycleMapping lifecycle mapping for MavenProject: JDBC:JDBC_MAVEN:0.0.1-SNAPSHOT @ F:\java workspaces\spring work space\JDBC_MAVEN\pom.xml.
2023-04-21 21:57:07,414 [Worker-8: Updating Maven Dependencies] WARN  o.e.m.c.i.embedder.EclipseLogger - The artifact mysql:mysql-connector-java:jar:8.0.31 has been relocated to com.mysql:mysql-connector-j:jar:8.0.31
2023-04-21 22:05:59,297 [Worker-4: Loading available Gradle versions] INFO  o.e.b.c.i.u.g.PublishedGradleVersions - Gradle version information cache is up-to-date. Trying to read.
2023-05-02 15:29:58,879 [Worker-0: Loading available Gradle versions] INFO  o.e.b.c.i.u.g.PublishedGradleVersions - Gradle version information cache is out-of-date. Trying to update.
